2016-04-06 23:22:23,897 - Velocimacro : allowInlineToOverride = false : VMs defined inline may NOT replace previous VM definitions
2016-04-06 23:22:23,897 - Velocimacro : allowInlineLocal = false : VMs defined inline will be  global in scope if allowed.
2016-04-06 23:22:23,897 - Velocimacro : messages on  : VM system will output logging messages
2016-04-06 23:22:23,897 - Velocimacro : autoload off  : VM system will not automatically reload global library macros
2016-04-06 23:22:23,897 - Velocimacro : initialization complete.
2016-04-06 23:22:23,897 - Velocity successfully started.
2016-04-06 23:28:07,909 - SimpleLog4JLogSystem initialized using logfile 'velocity.log'
2016-04-06 23:28:07,910 - ************************************************************** 
2016-04-06 23:28:07,910 - Starting Jakarta Velocity v1.4
2016-04-06 23:28:07,910 - RuntimeInstance initializing.
2016-04-06 23:28:07,910 - Default Properties File: org\apache\velocity\runtime\defaults\velocity.properties
2016-04-06 23:28:07,910 - Trying to use logger class org.apache.velocity.runtime.log.SimpleLog4JLogSystem
2016-04-06 23:28:07,910 - Using logger class org.apache.velocity.runtime.log.SimpleLog4JLogSystem
2016-04-06 23:28:07,918 - Default ResourceManager initializing. (class org.apache.velocity.runtime.resource.ResourceManagerImpl)
2016-04-06 23:28:07,927 - Resource Loader Instantiated: org.apache.velocity.runtime.resource.loader.ClasspathResourceLoader
2016-04-06 23:28:07,927 - ClasspathResourceLoader : initialization starting.
2016-04-06 23:28:07,927 - ClasspathResourceLoader : initialization complete.
2016-04-06 23:28:07,931 - ResourceCache : initialized. (class org.apache.velocity.runtime.resource.ResourceCacheImpl)
2016-04-06 23:28:07,931 - Default ResourceManager initialization complete.
2016-04-06 23:28:07,939 - Loaded System Directive: org.apache.velocity.runtime.directive.Literal
2016-04-06 23:28:07,943 - Loaded System Directive: org.apache.velocity.runtime.directive.Macro
2016-04-06 23:28:07,953 - Loaded System Directive: org.apache.velocity.runtime.directive.Parse
2016-04-06 23:28:07,962 - Loaded System Directive: org.apache.velocity.runtime.directive.Include
2016-04-06 23:28:07,964 - Loaded System Directive: org.apache.velocity.runtime.directive.Foreach
2016-04-06 23:28:08,018 - Created: 20 parsers.
2016-04-06 23:28:08,033 - Velocimacro : initialization starting.
2016-04-06 23:28:08,033 - Velocimacro : adding VMs from VM library template : VM_global_library.vm
2016-04-06 23:28:08,047 - ResourceManager : unable to find resource 'VM_global_library.vm' in any resource loader.
2016-04-06 23:28:08,048 - Velocimacro : error using  VM library template VM_global_library.vm : org.apache.velocity.exception.ResourceNotFoundException: Unable to find resource 'VM_global_library.vm'
2016-04-06 23:28:08,048 - Velocimacro :  VM library template macro registration complete.
2016-04-06 23:28:08,048 - Velocimacro : allowInline = true : VMs can be defined inline in templates
2016-04-06 23:28:08,048 - Velocimacro : allowInlineToOverride = false : VMs defined inline may NOT replace previous VM definitions
2016-04-06 23:28:08,048 - Velocimacro : allowInlineLocal = false : VMs defined inline will be  global in scope if allowed.
2016-04-06 23:28:08,048 - Velocimacro : messages on  : VM system will output logging messages
2016-04-06 23:28:08,048 - Velocimacro : autoload off  : VM system will not automatically reload global library macros
2016-04-06 23:28:08,048 - Velocimacro : initialization complete.
2016-04-06 23:28:08,048 - Velocity successfully started.
2016-04-06 23:31:42,836 - SimpleLog4JLogSystem initialized using logfile 'velocity.log'
2016-04-06 23:31:42,836 - ************************************************************** 
2016-04-06 23:31:42,836 - Starting Jakarta Velocity v1.4
2016-04-06 23:31:42,836 - RuntimeInstance initializing.
2016-04-06 23:31:42,836 - Default Properties File: org\apache\velocity\runtime\defaults\velocity.properties
2016-04-06 23:31:42,836 - Trying to use logger class org.apache.velocity.runtime.log.SimpleLog4JLogSystem
2016-04-06 23:31:42,836 - Using logger class org.apache.velocity.runtime.log.SimpleLog4JLogSystem
2016-04-06 23:31:42,852 - Default ResourceManager initializing. (class org.apache.velocity.runtime.resource.ResourceManagerImpl)
2016-04-06 23:31:42,852 - Resource Loader Instantiated: org.apache.velocity.runtime.resource.loader.ClasspathResourceLoader
2016-04-06 23:31:42,852 - ClasspathResourceLoader : initialization starting.
2016-04-06 23:31:42,852 - ClasspathResourceLoader : initialization complete.
2016-04-06 23:31:42,852 - ResourceCache : initialized. (class org.apache.velocity.runtime.resource.ResourceCacheImpl)
2016-04-06 23:31:42,852 - Default ResourceManager initialization complete.
2016-04-06 23:31:42,852 - Loaded System Directive: org.apache.velocity.runtime.directive.Literal
2016-04-06 23:31:42,852 - Loaded System Directive: org.apache.velocity.runtime.directive.Macro
2016-04-06 23:31:42,852 - Loaded System Directive: org.apache.velocity.runtime.directive.Parse
2016-04-06 23:31:42,852 - Loaded System Directive: org.apache.velocity.runtime.directive.Include
2016-04-06 23:31:42,852 - Loaded System Directive: org.apache.velocity.runtime.directive.Foreach
2016-04-06 23:31:42,883 - Created: 20 parsers.
2016-04-06 23:31:42,883 - Velocimacro : initialization starting.
2016-04-06 23:31:42,883 - Velocimacro : adding VMs from VM library template : VM_global_library.vm
2016-04-06 23:31:42,899 - ResourceManager : unable to find resource 'VM_global_library.vm' in any resource loader.
2016-04-06 23:31:42,899 - Velocimacro : error using  VM library template VM_global_library.vm : org.apache.velocity.exception.ResourceNotFoundException: Unable to find resource 'VM_global_library.vm'
2016-04-06 23:31:42,899 - Velocimacro :  VM library template macro registration complete.
2016-04-06 23:31:42,899 - Velocimacro : allowInline = true : VMs can be defined inline in templates
2016-04-06 23:31:42,899 - Velocimacro : allowInlineToOverride = false : VMs defined inline may NOT replace previous VM definitions
2016-04-06 23:31:42,899 - Velocimacro : allowInlineLocal = false : VMs defined inline will be  global in scope if allowed.
2016-04-06 23:31:42,899 - Velocimacro : messages on  : VM system will output logging messages
2016-04-06 23:31:42,899 - Velocimacro : autoload off  : VM system will not automatically reload global library macros
2016-04-06 23:31:42,899 - Velocimacro : initialization complete.
2016-04-06 23:31:42,899 - Velocity successfully started.
2016-04-06 23:37:14,953 - ResourceManager : found repast/simphony/scenario/Scenario.vt with loader org.apache.velocity.runtime.resource.loader.ClasspathResourceLoader
2016-04-07 22:35:03,806 - SimpleLog4JLogSystem initialized using logfile 'velocity.log'
2016-04-07 22:35:03,807 - ************************************************************** 
2016-04-07 22:35:03,807 - Starting Jakarta Velocity v1.4
2016-04-07 22:35:03,807 - RuntimeInstance initializing.
2016-04-07 22:35:03,807 - Default Properties File: org\apache\velocity\runtime\defaults\velocity.properties
2016-04-07 22:35:03,807 - Trying to use logger class org.apache.velocity.runtime.log.SimpleLog4JLogSystem
2016-04-07 22:35:03,807 - Using logger class org.apache.velocity.runtime.log.SimpleLog4JLogSystem
2016-04-07 22:35:03,811 - Default ResourceManager initializing. (class org.apache.velocity.runtime.resource.ResourceManagerImpl)
2016-04-07 22:35:03,815 - Resource Loader Instantiated: org.apache.velocity.runtime.resource.loader.ClasspathResourceLoader
2016-04-07 22:35:03,815 - ClasspathResourceLoader : initialization starting.
2016-04-07 22:35:03,815 - ClasspathResourceLoader : initialization complete.
2016-04-07 22:35:03,817 - ResourceCache : initialized. (class org.apache.velocity.runtime.resource.ResourceCacheImpl)
2016-04-07 22:35:03,817 - Default ResourceManager initialization complete.
2016-04-07 22:35:03,821 - Loaded System Directive: org.apache.velocity.runtime.directive.Literal
2016-04-07 22:35:03,823 - Loaded System Directive: org.apache.velocity.runtime.directive.Macro
2016-04-07 22:35:03,827 - Loaded System Directive: org.apache.velocity.runtime.directive.Parse
2016-04-07 22:35:03,830 - Loaded System Directive: org.apache.velocity.runtime.directive.Include
2016-04-07 22:35:03,837 - Loaded System Directive: org.apache.velocity.runtime.directive.Foreach
2016-04-07 22:35:03,883 - Created: 20 parsers.
2016-04-07 22:35:03,897 - Velocimacro : initialization starting.
2016-04-07 22:35:03,897 - Velocimacro : adding VMs from VM library template : VM_global_library.vm
2016-04-07 22:35:03,913 - ResourceManager : unable to find resource 'VM_global_library.vm' in any resource loader.
2016-04-07 22:35:03,913 - Velocimacro : error using  VM library template VM_global_library.vm : org.apache.velocity.exception.ResourceNotFoundException: Unable to find resource 'VM_global_library.vm'
2016-04-07 22:35:03,913 - Velocimacro :  VM library template macro registration complete.
2016-04-07 22:35:03,913 - Velocimacro : allowInline = true : VMs can be defined inline in templates
2016-04-07 22:35:03,913 - Velocimacro : allowInlineToOverride = false : VMs defined inline may NOT replace previous VM definitions
2016-04-07 22:35:03,913 - Velocimacro : allowInlineLocal = false : VMs defined inline will be  global in scope if allowed.
2016-04-07 22:35:03,913 - Velocimacro : messages on  : VM system will output logging messages
2016-04-07 22:35:03,913 - Velocimacro : autoload off  : VM system will not automatically reload global library macros
2016-04-07 22:35:03,913 - Velocimacro : initialization complete.
2016-04-07 22:35:03,913 - Velocity successfully started.
